빌드 시작: 2014-10-14 오전 11:48:35
     1>2 노드의 "C:\Users\SF-NT900-11\Desktop\학교\c프로그래밍\연습\repeat\repeat\repeat.vcxproj" 프로젝트(build 대상)입니다.
     1>InitializeBuildStatus:
         "AlwaysCreate"이(가) 지정되었기 때문에 "Debug\repeat.unsuccessfulbuild"을(를) 만들고 있습니다.
       ClCompile:
         c:\Program Files (x86)\Microsoft Visual Studio 10.0\VC\bin\CL.exe /c /ZI /nologo /W3 /WX- /Od /Oy- /D WIN32 /D _DEBUG /D _CONSOLE /D _UNICODE /D UNICODE /Gm /EHsc /RTC1 /MDd /GS /fp:precise /Zc:wchar_t /Zc:forScope /Fo"Debug\\" /Fd"Debug\vc100.pdb" /Gd /TC /analyze- /errorReport:prompt repeat.c
         repeat.c
       ManifestResourceCompile:
         모든 출력이 최신 상태입니다.
       Link:
         c:\Program Files (x86)\Microsoft Visual Studio 10.0\VC\bin\link.exe /ERRORREPORT:PROMPT /OUT:"C:\Users\SF-NT900-11\Desktop\학교\c프로그래밍\연습\repeat\Debug\repeat.exe" /INCREMENTAL /NOLOGO kernel32.lib user32.lib gdi32.lib winspool.lib comdlg32.lib advapi32.lib shell32.lib ole32.lib oleaut32.lib uuid.lib odbc32.lib odbccp32.lib /MANIFEST /ManifestFile:"Debug\repeat.exe.intermediate.manifest" /MANIFESTUAC:"level='asInvoker' uiAccess='false'" /DEBUG /PDB:"C:\Users\SF-NT900-11\Desktop\학교\c프로그래밍\연습\repeat\Debug\repeat.pdb" /SUBSYSTEM:CONSOLE /TLBID:1 /DYNAMICBASE /NXCOMPAT /IMPLIB:"C:\Users\SF-NT900-11\Desktop\학교\c프로그래밍\연습\repeat\Debug\repeat.lib" /MACHINE:X86 Debug\repeat.exe.embed.manifest.res
         Debug\repeat.obj
       Manifest:
         c:\Program Files (x86)\Microsoft SDKs\Windows\v7.0A\bin\mt.exe /nologo /verbose /out:"Debug\repeat.exe.embed.manifest" /manifest Debug\repeat.exe.intermediate.manifest
         모든 출력이 최신 상태입니다.
       LinkEmbedManifest:
         모든 출력이 최신 상태입니다.
         repeat.vcxproj -> C:\Users\SF-NT900-11\Desktop\학교\c프로그래밍\연습\repeat\Debug\repeat.exe
       FinalizeBuildStatus:
         "Debug\repeat.unsuccessfulbuild" 파일을 삭제하고 있습니다.
         "Debug\repeat.lastbuildstate"에 연결(touching)하고 있습니다.
     1>"C:\Users\SF-NT900-11\Desktop\학교\c프로그래밍\연습\repeat\repeat\repeat.vcxproj" 프로젝트를 빌드했습니다(build 대상).

빌드했습니다.

경과 시간: 00:00:00.39
